<?xml version="1.0" encoding="UTF-8"?>
<testsuite xmlns:xsi="http://www.w3.org/2001/XMLSchema-instance" xsi:noNamespaceSchemaLocation="https://maven.apache.org/surefire/maven-surefire-plugin/xsd/surefire-test-report.xsd" version="3.0.2" name="br.com.fiap.hospital.notification.integration.NotificationRabbitIntegrationTest" time="0.007" tests="1" errors="0" skipped="1" failures="0">
  <properties/>
  <testcase name="shouldConsumeAppointmentEventAndPersistNotificationLog" classname="br.com.fiap.hospital.notification.integration.NotificationRabbitIntegrationTest" time="0.0">
    <skipped message="disabledWithoutDocker is true and Docker is not available"/>
    <system-out><![CDATA[18:24:46.700 [main] INFO org.testcontainers.DockerClientFactory -- Testcontainers version: 1.20.4
18:24:48.427 [main] INFO org.testcontainers.dockerclient.DockerMachineClientProviderStrategy -- docker-machine executable was not found on PATH ([C:\Program Files\Eclipse Adoptium\jdk-21.0.11.10-hotspot\bin, c:\Users\iluiz\AppData\Roaming\Code\User\globalStorage\github.copilot-chat\debugCommand, c:\Users\iluiz\AppData\Roaming\Code\User\globalStorage\github.copilot-chat\copilotCli, C:\Users\iluiz\AppData\Local\Programs\Microsoft VS Code, C:\Program Files\Eclipse Adoptium\jdk-21.0.11.10-hotspot\bin, C:\Program Files\Eclipse Adoptium\jdk-25.0.0.36-hotspot\bin, C:\Program Files\Common Files\Oracle\Java\javapath, C:\Program Files (x86)\Common Files\Intel\Shared Files\cpp\bin\Intel64, C:\Windows\system32, C:\Windows, C:\Windows\System32\Wbem, C:\Windows\System32\WindowsPowerShell\v1.0\, C:\Windows\System32\OpenSSH\, C:\Program Files\Microsoft SQL Server\Client SDK\ODBC\170\Tools\Binn\, C:\WINDOWS\system32, C:\WINDOWS, C:\WINDOWS\System32\Wbem, C:\WINDOWS\System32\WindowsPowerShell\v1.0\, C:\WINDOWS\System32\OpenSSH\, C:\Program Files (x86)\HP\Common\HPDestPlgIn\, C:\ProgramData\chocolatey\bin, C:\Program Files\Notepad++, C:\xampp\php, C:\xampp\php, C:\Program Files\Microsoft SQL Server\150\Tools\Binn\, C:\Program Files\dotnet\, %NVM_HOME%, %NVM_SYMLINK%, C:\Program Files\nodejs\, C:\Program Files\GitHub CLI\, C:\Program Files\Git\cmd, C:\Program Files\Docker\Docker\resources\bin, C:\Users\iluiz\AppData\Local\Microsoft\WindowsApps, C:\Program Files\JetBrains\PyCharm Community Edition 2021.3.3\bin, C:\Program Files\JetBrains\IntelliJ IDEA Community Edition 2022.2.4\bin, C:\ProgramData\apache-maven-3.9.0\bin, C:\Program Files\JetBrains\IntelliJ IDEA 2023.1\bin, C:\Program Files\Eclipse Adoptium\jdk-21.0.8.9-hotspot\\bin, C:\Users\iluiz\AppData\Local\Python\bin, C:\Users\iluiz\.dotnet\tools, C:\Users\iluiz\AppData\Local\nvm, C:\nvm4w\nodejs, C:\Users\iluiz\AppData\Roaming\npm, C:\Users\iluiz\AppData\Local\Programs\Microsoft VS Code\bin, c:\Users\iluiz\.vscode\extensions\vscjava.vscode-java-debug-0.59.0\bundled\scripts\noConfigScripts])
18:24:48.430 [main] ERROR org.testcontainers.dockerclient.DockerClientProviderStrategy -- Could not find a valid Docker environment. Please check configuration. Attempted configurations were:
	NpipeSocketClientProviderStrategy: failed with exception BadRequestException (Status 400: {"ID":"","Containers":0,"ContainersRunning":0,"ContainersPaused":0,"ContainersStopped":0,"Images":0,"Driver":"","DriverStatus":null,"Plugins":{"Volume":null,"Network":null,"Authorization":null,"Log":null},"MemoryLimit":false,"SwapLimit":false,"CpuCfsPeriod":false,"CpuCfsQuota":false,"CPUShares":false,"CPUSet":false,"PidsLimit":false,"IPv4Forwarding":false,"Debug":false,"NFd":0,"OomKillDisable":false,"NGoroutines":0,"SystemTime":"","LoggingDriver":"","CgroupDriver":"","NEventsListener":0,"KernelVersion":"","OperatingSystem":"","OSVersion":"","OSType":"","Architecture":"","IndexServerAddress":"","RegistryConfig":null,"NCPU":0,"MemTotal":0,"GenericResources":null,"DockerRootDir":"","HttpProxy":"","HttpsProxy":"","NoProxy":"","Name":"","Labels":["com.docker.desktop.address=npipe://\\\\.\\pipe\\docker_cli"],"ExperimentalBuild":false,"ServerVersion":"","Runtimes":null,"DefaultRuntime":"","Swarm":{"NodeID":"","NodeAddr":"","LocalNodeState":"","ControlAvailable":false,"Error":"","RemoteManagers":null},"LiveRestoreEnabled":false,"Isolation":"","InitBinary":"","ContainerdCommit":{"ID":""},"RuncCommit":{"ID":""},"InitCommit":{"ID":""},"SecurityOptions":null,"CDISpecDirs":null,"Warnings":null})As no valid configuration was found, execution cannot continue.
See https://java.testcontainers.org/on_failure.html for more details.
]]></system-out>
  </testcase>
</testsuite>